Using pre-set license

 COMMAND LINE ARGUMENTS:
/Applications/Unity/Hub/Editor/2020.3.11f1/Unity.app/Contents/MacOS/Unity
-adb2
-batchMode
-noUpm
-name
AssetImportWorker1
-projectPath
/Users/jcollard/git/rhythm-game/Rhythm Game Prototype
-logFile
Logs/AssetImportWorker1.log
-srvPort
59024
Successfully changed project path to: /Users/jcollard/git/rhythm-game/Rhythm Game Prototype
/Users/jcollard/git/rhythm-game/Rhythm Game Prototype
Using Asset Import Pipeline V2.
Refreshing native plugins compatible for Editor in 42.54 ms, found 4 plugins.
Preloading 0 native plugins for Editor in 0.00 ms.
Initialize engine version: 2020.3.11f1 (99c7afb366b3)
[Subsystems] Discovering subsystems at path /Applications/Unity/Hub/Editor/2020.3.11f1/Unity.app/Contents/Resources/UnitySubsystems
[Subsystems] Discovering subsystems at path /Users/jcollard/git/rhythm-game/Rhythm Game Prototype/Assets
GfxDevice: creating device client; threaded=0
2021-06-24 14:15:02.050 Unity[49377:2746279] Color LCD preferred device: Intel(R) Iris(TM) Plus Graphics 645 (low power)
2021-06-24 14:15:02.050 Unity[49377:2746279] Metal devices available: 1
2021-06-24 14:15:02.050 Unity[49377:2746279] 0: Intel(R) Iris(TM) Plus Graphics 645 (low power)
2021-06-24 14:15:02.051 Unity[49377:2746279] Using device Intel(R) Iris(TM) Plus Graphics 645 (low power)
Initializing Metal device caps: Intel(R) Iris(TM) Plus Graphics 645
Initialize mono
Mono path[0] = '/Applications/Unity/Hub/Editor/2020.3.11f1/Unity.app/Contents/Managed'
Mono path[1] = '/Applications/Unity/Hub/Editor/2020.3.11f1/Unity.app/Contents/MonoBleedingEdge/lib/mono/unityjit'
Mono config path = '/Applications/Unity/Hub/Editor/2020.3.11f1/Unity.app/Contents/MonoBleedingEdge/etc'
Using monoOptions --debugger-agent=transport=dt_socket,embedding=1,server=y,suspend=n,address=127.0.0.1:56377
Begin MonoManager ReloadAssembly
Registering precompiled unity dll's ...
Register platform support module: /Applications/Unity/Hub/Editor/2020.3.11f1/PlaybackEngines/WebGLSupport/UnityEditor.WebGL.Extensions.dll
Register platform support module: /Applications/Unity/Hub/Editor/2020.3.11f1/Unity.app/Contents/PlaybackEngines/MacStandaloneSupport/UnityEditor.OSXStandalone.Extensions.dll
Registered in 0.004087 seconds.
Native extension for OSXStandalone target not found
Native extension for WebGL target not found
Refreshing native plugins compatible for Editor in 40.58 ms, found 4 plugins.
Preloading 0 native plugins for Editor in 0.00 ms.
Mono: successfully reloaded assembly
- Completed reload, in  4.660 seconds
Platform modules already initialized, skipping
Registering precompiled user dll's ...
Registered in 0.023472 seconds.
Begin MonoManager ReloadAssembly
Native extension for OSXStandalone target not found
Native extension for WebGL target not found
Refreshing native plugins compatible for Editor in 46.70 ms, found 4 plugins.
Preloading 0 native plugins for Editor in 0.00 ms.
Mono: successfully reloaded assembly
- Completed reload, in  1.517 seconds
Platform modules already initialized, skipping
========================================================================
Worker process is ready to serve import requests
Launching external process: /Applications/Unity/Hub/Editor/2020.3.11f1/Unity.app/Contents/Tools/UnityShaderCompiler
Launched and connected shader compiler UnityShaderCompiler after 0.02 seconds
Refreshing native plugins compatible for Editor in 0.59 ms, found 4 plugins.
Preloading 0 native plugins for Editor in 0.00 ms.
Unloading 2106 Unused Serialized files (Serialized files now loaded: 0)
System memory in use before: 175.1 MB.
System memory in use after: 175.0 MB.

Unloading 50 unused Assets to reduce memory usage. Loaded Objects now: 2565.
Total: 2.806164 ms (FindLiveObjects: 0.287026 ms CreateObjectMapping: 0.159730 ms MarkObjects: 2.206929 ms  DeleteObjects: 0.151522 ms)

========================================================================
Received Import Request.
  path: Assets
  artifactKey: Guid(00000000000000001000000000000000) Importer(815301076,1909f56bfc062723c751e8b465ee728b)
Start importing Assets using Guid(00000000000000001000000000000000) Importer(815301076,1909f56bfc062723c751e8b465ee728b)  -> (artifact id: '42d402b061de3733987d63b9cc3b64de') in 0.004133 seconds
  Import took 0.008627 seconds .

========================================================================
Received Import Request.
  Time since last request: 0.000313 seconds.
  path: Assets/click.wav
  artifactKey: Guid(bd8dceae631ff439b87d654a26414c02) Importer(815301076,1909f56bfc062723c751e8b465ee728b)
Start importing Assets/click.wav using Guid(bd8dceae631ff439b87d654a26414c02) Importer(815301076,1909f56bfc062723c751e8b465ee728b)  -> (artifact id: '3b86d77df926ae206b970e504175ba60') in 0.837135 seconds
  Import took 0.840691 seconds .

========================================================================
Received Import Request.
  Time since last request: 0.610503 seconds.
  path: Assets/Resources/SFX
  artifactKey: Guid(d751eb29533b14a9dafd1d3580c81e12) Importer(815301076,1909f56bfc062723c751e8b465ee728b)
Start importing Assets/Resources/SFX using Guid(d751eb29533b14a9dafd1d3580c81e12) Importer(815301076,1909f56bfc062723c751e8b465ee728b)  -> (artifact id: 'be15189a16a21d08dbb0dd0c34085e3e') in 0.001720 seconds
  Import took 0.007861 seconds .

========================================================================
Received Prepare
Registering precompiled user dll's ...
Registered in 0.010485 seconds.
Begin MonoManager ReloadAssembly
Native extension for OSXStandalone target not found
Native extension for WebGL target not found
Refreshing native plugins compatible for Editor in 0.61 ms, found 4 plugins.
Preloading 0 native plugins for Editor in 0.00 ms.
Mono: successfully reloaded assembly
- Completed reload, in  1.334 seconds
Platform modules already initialized, skipping
Refreshing native plugins compatible for Editor in 0.59 ms, found 4 plugins.
Preloading 0 native plugins for Editor in 0.00 ms.
Unloading 2101 Unused Serialized files (Serialized files now loaded: 0)
System memory in use before: 182.7 MB.
System memory in use after: 182.7 MB.

Unloading 38 unused Assets to reduce memory usage. Loaded Objects now: 2578.
Total: 2.314362 ms (FindLiveObjects: 0.241983 ms CreateObjectMapping: 0.087087 ms MarkObjects: 1.829673 ms  DeleteObjects: 0.154800 ms)

========================================================================
Received Prepare
Registering precompiled user dll's ...
Registered in 0.010115 seconds.
Begin MonoManager ReloadAssembly
Native extension for OSXStandalone target not found
Native extension for WebGL target not found
Refreshing native plugins compatible for Editor in 0.61 ms, found 4 plugins.
Preloading 0 native plugins for Editor in 0.00 ms.
Mono: successfully reloaded assembly
- Completed reload, in  1.454 seconds
Platform modules already initialized, skipping
Refreshing native plugins compatible for Editor in 0.58 ms, found 4 plugins.
Preloading 0 native plugins for Editor in 0.00 ms.
Unloading 2101 Unused Serialized files (Serialized files now loaded: 0)
System memory in use before: 183.0 MB.
System memory in use after: 183.0 MB.

Unloading 38 unused Assets to reduce memory usage. Loaded Objects now: 2582.
Total: 2.306853 ms (FindLiveObjects: 0.282760 ms CreateObjectMapping: 0.081863 ms MarkObjects: 1.815797 ms  DeleteObjects: 0.125538 ms)

========================================================================
Received Prepare
Registering precompiled user dll's ...
Registered in 0.005266 seconds.
Begin MonoManager ReloadAssembly
Native extension for OSXStandalone target not found
Native extension for WebGL target not found
Refreshing native plugins compatible for Editor in 1.56 ms, found 4 plugins.
Preloading 0 native plugins for Editor in 0.00 ms.
Mono: successfully reloaded assembly
- Completed reload, in  1.764 seconds
Platform modules already initialized, skipping
Refreshing native plugins compatible for Editor in 0.67 ms, found 4 plugins.
Preloading 0 native plugins for Editor in 0.00 ms.
Unloading 2101 Unused Serialized files (Serialized files now loaded: 0)
System memory in use before: 183.2 MB.
System memory in use after: 183.2 MB.

Unloading 38 unused Assets to reduce memory usage. Loaded Objects now: 2586.
Total: 3.281329 ms (FindLiveObjects: 0.322814 ms CreateObjectMapping: 0.181743 ms MarkObjects: 2.628546 ms  DeleteObjects: 0.146705 ms)

========================================================================
Received Prepare
Registering precompiled user dll's ...
Registered in 0.009664 seconds.
Begin MonoManager ReloadAssembly
Native extension for OSXStandalone target not found
Native extension for WebGL target not found
Refreshing native plugins compatible for Editor in 0.85 ms, found 4 plugins.
Preloading 0 native plugins for Editor in 0.00 ms.
Mono: successfully reloaded assembly
- Completed reload, in  1.745 seconds
Platform modules already initialized, skipping
Refreshing native plugins compatible for Editor in 0.67 ms, found 4 plugins.
Preloading 0 native plugins for Editor in 0.00 ms.
Unloading 2101 Unused Serialized files (Serialized files now loaded: 0)
System memory in use before: 183.4 MB.
System memory in use after: 183.4 MB.

Unloading 38 unused Assets to reduce memory usage. Loaded Objects now: 2590.
Total: 3.937435 ms (FindLiveObjects: 0.515585 ms CreateObjectMapping: 0.198358 ms MarkObjects: 3.065953 ms  DeleteObjects: 0.155159 ms)

========================================================================
Received Prepare
Registering precompiled user dll's ...
Registered in 0.010781 seconds.
Begin MonoManager ReloadAssembly
Native extension for OSXStandalone target not found
Native extension for WebGL target not found
Refreshing native plugins compatible for Editor in 0.68 ms, found 4 plugins.
Preloading 0 native plugins for Editor in 0.00 ms.
Mono: successfully reloaded assembly
- Completed reload, in  1.821 seconds
Platform modules already initialized, skipping
Refreshing native plugins compatible for Editor in 0.64 ms, found 4 plugins.
Preloading 0 native plugins for Editor in 0.00 ms.
Unloading 2101 Unused Serialized files (Serialized files now loaded: 0)
System memory in use before: 183.6 MB.
System memory in use after: 183.6 MB.

Unloading 38 unused Assets to reduce memory usage. Loaded Objects now: 2594.
Total: 3.296144 ms (FindLiveObjects: 0.296908 ms CreateObjectMapping: 0.103240 ms MarkObjects: 2.727022 ms  DeleteObjects: 0.167668 ms)

========================================================================
Received Prepare
Registering precompiled user dll's ...
Registered in 0.009382 seconds.
Begin MonoManager ReloadAssembly
Native extension for OSXStandalone target not found
Native extension for WebGL target not found
Refreshing native plugins compatible for Editor in 0.62 ms, found 4 plugins.
Preloading 0 native plugins for Editor in 0.00 ms.
Mono: successfully reloaded assembly
- Completed reload, in  1.300 seconds
Platform modules already initialized, skipping
Refreshing native plugins compatible for Editor in 0.53 ms, found 4 plugins.
Preloading 0 native plugins for Editor in 0.00 ms.
Unloading 2101 Unused Serialized files (Serialized files now loaded: 0)
System memory in use before: 183.8 MB.
System memory in use after: 183.8 MB.

Unloading 38 unused Assets to reduce memory usage. Loaded Objects now: 2598.
Total: 2.252141 ms (FindLiveObjects: 0.200178 ms CreateObjectMapping: 0.078382 ms MarkObjects: 1.861580 ms  DeleteObjects: 0.111277 ms)

========================================================================
Received Prepare
Registering precompiled user dll's ...
Registered in 0.009424 seconds.
Begin MonoManager ReloadAssembly
Native extension for OSXStandalone target not found
Native extension for WebGL target not found
Refreshing native plugins compatible for Editor in 0.81 ms, found 4 plugins.
Preloading 0 native plugins for Editor in 0.00 ms.
Mono: successfully reloaded assembly
- Completed reload, in  1.940 seconds
Platform modules already initialized, skipping
Refreshing native plugins compatible for Editor in 0.70 ms, found 4 plugins.
Preloading 0 native plugins for Editor in 0.00 ms.
Unloading 2101 Unused Serialized files (Serialized files now loaded: 0)
System memory in use before: 184.0 MB.
System memory in use after: 184.0 MB.

Unloading 38 unused Assets to reduce memory usage. Loaded Objects now: 2602.
Total: 3.888425 ms (FindLiveObjects: 0.285002 ms CreateObjectMapping: 0.098977 ms MarkObjects: 3.326313 ms  DeleteObjects: 0.176701 ms)

========================================================================
Received Prepare
Registering precompiled user dll's ...
Registered in 0.010024 seconds.
Begin MonoManager ReloadAssembly
Native extension for OSXStandalone target not found
Native extension for WebGL target not found
Refreshing native plugins compatible for Editor in 0.62 ms, found 4 plugins.
Preloading 0 native plugins for Editor in 0.00 ms.
Mono: successfully reloaded assembly
- Completed reload, in  1.772 seconds
Platform modules already initialized, skipping
Refreshing native plugins compatible for Editor in 0.53 ms, found 4 plugins.
Preloading 0 native plugins for Editor in 0.00 ms.
Unloading 2101 Unused Serialized files (Serialized files now loaded: 0)
System memory in use before: 184.2 MB.
System memory in use after: 184.2 MB.

Unloading 38 unused Assets to reduce memory usage. Loaded Objects now: 2606.
Total: 2.279804 ms (FindLiveObjects: 0.207687 ms CreateObjectMapping: 0.079370 ms MarkObjects: 1.878058 ms  DeleteObjects: 0.113916 ms)

========================================================================
Received Prepare
Registering precompiled user dll's ...
Registered in 0.009407 seconds.
Begin MonoManager ReloadAssembly
Native extension for OSXStandalone target not found
Native extension for WebGL target not found
Refreshing native plugins compatible for Editor in 0.81 ms, found 4 plugins.
Preloading 0 native plugins for Editor in 0.00 ms.
Mono: successfully reloaded assembly
- Completed reload, in  1.869 seconds
Platform modules already initialized, skipping
Refreshing native plugins compatible for Editor in 0.69 ms, found 4 plugins.
Preloading 0 native plugins for Editor in 0.00 ms.
Unloading 2101 Unused Serialized files (Serialized files now loaded: 0)
System memory in use before: 184.4 MB.
System memory in use after: 184.4 MB.

Unloading 38 unused Assets to reduce memory usage. Loaded Objects now: 2610.
Total: 2.686780 ms (FindLiveObjects: 0.224348 ms CreateObjectMapping: 0.086724 ms MarkObjects: 2.229607 ms  DeleteObjects: 0.145245 ms)

========================================================================
Received Import Request.
  Time since last request: 516.242835 seconds.
  path: Assets/Resources/SFX/click.wav
  artifactKey: Guid(bd8dceae631ff439b87d654a26414c02) Importer(815301076,1909f56bfc062723c751e8b465ee728b)
Start importing Assets/Resources/SFX/click.wav using Guid(bd8dceae631ff439b87d654a26414c02) Importer(815301076,1909f56bfc062723c751e8b465ee728b)  -> (artifact id: '33532cf7b1eb18b98e80f30b03cce0b6') in 0.280895 seconds
  Import took 0.322859 seconds .

========================================================================
Received Prepare
Registering precompiled user dll's ...
Registered in 0.010374 seconds.
Begin MonoManager ReloadAssembly
Native extension for OSXStandalone target not found
Native extension for WebGL target not found
Refreshing native plugins compatible for Editor in 0.66 ms, found 4 plugins.
Preloading 0 native plugins for Editor in 0.00 ms.
Mono: successfully reloaded assembly
- Completed reload, in  1.784 seconds
Platform modules already initialized, skipping
Refreshing native plugins compatible for Editor in 0.58 ms, found 4 plugins.
Preloading 0 native plugins for Editor in 0.00 ms.
Unloading 2101 Unused Serialized files (Serialized files now loaded: 0)
System memory in use before: 184.6 MB.
System memory in use after: 184.6 MB.

Unloading 38 unused Assets to reduce memory usage. Loaded Objects now: 2615.
Total: 2.404583 ms (FindLiveObjects: 0.255438 ms CreateObjectMapping: 0.081731 ms MarkObjects: 1.953685 ms  DeleteObjects: 0.112801 ms)

========================================================================
Received Prepare
Registering precompiled user dll's ...
Registered in 0.010551 seconds.
Begin MonoManager ReloadAssembly
Native extension for OSXStandalone target not found
Native extension for WebGL target not found
Refreshing native plugins compatible for Editor in 0.98 ms, found 4 plugins.
Preloading 0 native plugins for Editor in 0.00 ms.
Mono: successfully reloaded assembly
- Completed reload, in  1.886 seconds
Platform modules already initialized, skipping
Refreshing native plugins compatible for Editor in 0.94 ms, found 4 plugins.
Preloading 0 native plugins for Editor in 0.00 ms.
Unloading 2101 Unused Serialized files (Serialized files now loaded: 0)
System memory in use before: 184.8 MB.
System memory in use after: 184.8 MB.

Unloading 38 unused Assets to reduce memory usage. Loaded Objects now: 2619.
Total: 3.453865 ms (FindLiveObjects: 0.284731 ms CreateObjectMapping: 0.245882 ms MarkObjects: 2.781174 ms  DeleteObjects: 0.140793 ms)

========================================================================
Received Prepare
Registering precompiled user dll's ...
Registered in 0.009069 seconds.
Begin MonoManager ReloadAssembly
Native extension for OSXStandalone target not found
Native extension for WebGL target not found
Refreshing native plugins compatible for Editor in 0.93 ms, found 4 plugins.
Preloading 0 native plugins for Editor in 0.00 ms.
Mono: successfully reloaded assembly
- Completed reload, in  1.848 seconds
Platform modules already initialized, skipping
Refreshing native plugins compatible for Editor in 0.61 ms, found 4 plugins.
Preloading 0 native plugins for Editor in 0.00 ms.
Unloading 2101 Unused Serialized files (Serialized files now loaded: 0)
System memory in use before: 185.1 MB.
System memory in use after: 185.0 MB.

Unloading 38 unused Assets to reduce memory usage. Loaded Objects now: 2623.
Total: 5.346407 ms (FindLiveObjects: 0.497013 ms CreateObjectMapping: 0.293615 ms MarkObjects: 4.294333 ms  DeleteObjects: 0.259151 ms)

========================================================================
Received Prepare
Registering precompiled user dll's ...
Registered in 0.003459 seconds.
Begin MonoManager ReloadAssembly
Native extension for OSXStandalone target not found
Native extension for WebGL target not found
Refreshing native plugins compatible for Editor in 0.87 ms, found 4 plugins.
Preloading 0 native plugins for Editor in 0.00 ms.
Mono: successfully reloaded assembly
- Completed reload, in  1.753 seconds
Platform modules already initialized, skipping
Refreshing native plugins compatible for Editor in 0.65 ms, found 4 plugins.
Preloading 0 native plugins for Editor in 0.00 ms.
Unloading 2101 Unused Serialized files (Serialized files now loaded: 0)
System memory in use before: 185.3 MB.
System memory in use after: 185.3 MB.

Unloading 38 unused Assets to reduce memory usage. Loaded Objects now: 2627.
Total: 2.507821 ms (FindLiveObjects: 0.226756 ms CreateObjectMapping: 0.083965 ms MarkObjects: 2.080890 ms  DeleteObjects: 0.115406 ms)

========================================================================
Received Prepare
Registering precompiled user dll's ...
Registered in 0.009996 seconds.
Begin MonoManager ReloadAssembly
Native extension for OSXStandalone target not found
Native extension for WebGL target not found
Refreshing native plugins compatible for Editor in 0.87 ms, found 4 plugins.
Preloading 0 native plugins for Editor in 0.00 ms.
Mono: successfully reloaded assembly
- Completed reload, in  1.903 seconds
Platform modules already initialized, skipping
Refreshing native plugins compatible for Editor in 0.68 ms, found 4 plugins.
Preloading 0 native plugins for Editor in 0.00 ms.
Unloading 2101 Unused Serialized files (Serialized files now loaded: 0)
System memory in use before: 185.5 MB.
System memory in use after: 185.5 MB.

Unloading 38 unused Assets to reduce memory usage. Loaded Objects now: 2631.
Total: 3.951592 ms (FindLiveObjects: 0.382419 ms CreateObjectMapping: 0.187490 ms MarkObjects: 3.173798 ms  DeleteObjects: 0.206730 ms)

========================================================================
Received Prepare
Registering precompiled user dll's ...
Registered in 0.003478 seconds.
Begin MonoManager ReloadAssembly
Native extension for OSXStandalone target not found
Native extension for WebGL target not found
Refreshing native plugins compatible for Editor in 0.71 ms, found 4 plugins.
Preloading 0 native plugins for Editor in 0.00 ms.
Mono: successfully reloaded assembly
- Completed reload, in  1.867 seconds
Platform modules already initialized, skipping
Refreshing native plugins compatible for Editor in 0.96 ms, found 4 plugins.
Preloading 0 native plugins for Editor in 0.00 ms.
Unloading 2101 Unused Serialized files (Serialized files now loaded: 0)
System memory in use before: 185.7 MB.
System memory in use after: 185.7 MB.

Unloading 38 unused Assets to reduce memory usage. Loaded Objects now: 2635.
Total: 4.000490 ms (FindLiveObjects: 0.365895 ms CreateObjectMapping: 0.193849 ms MarkObjects: 3.217394 ms  DeleteObjects: 0.221443 ms)

========================================================================
Received Prepare
Registering precompiled user dll's ...
Registered in 0.009422 seconds.
Begin MonoManager ReloadAssembly
Native extension for OSXStandalone target not found
Native extension for WebGL target not found
Refreshing native plugins compatible for Editor in 1.02 ms, found 4 plugins.
Preloading 0 native plugins for Editor in 0.00 ms.
Mono: successfully reloaded assembly
- Completed reload, in  2.082 seconds
Platform modules already initialized, skipping
Refreshing native plugins compatible for Editor in 1.08 ms, found 4 plugins.
Preloading 0 native plugins for Editor in 0.00 ms.
Unloading 2101 Unused Serialized files (Serialized files now loaded: 0)
System memory in use before: 185.9 MB.
System memory in use after: 185.9 MB.

Unloading 38 unused Assets to reduce memory usage. Loaded Objects now: 2639.
Total: 4.850446 ms (FindLiveObjects: 0.689929 ms CreateObjectMapping: 0.324539 ms MarkObjects: 3.681625 ms  DeleteObjects: 0.152451 ms)

========================================================================
Received Prepare
Registering precompiled user dll's ...
Registered in 0.010066 seconds.
Begin MonoManager ReloadAssembly
Native extension for OSXStandalone target not found
Native extension for WebGL target not found
Refreshing native plugins compatible for Editor in 0.63 ms, found 4 plugins.
Preloading 0 native plugins for Editor in 0.00 ms.
Mono: successfully reloaded assembly
- Completed reload, in  1.359 seconds
Platform modules already initialized, skipping
Refreshing native plugins compatible for Editor in 0.78 ms, found 4 plugins.
Preloading 0 native plugins for Editor in 0.00 ms.
Unloading 2101 Unused Serialized files (Serialized files now loaded: 0)
System memory in use before: 186.1 MB.
System memory in use after: 186.1 MB.

Unloading 38 unused Assets to reduce memory usage. Loaded Objects now: 2643.
Total: 2.954039 ms (FindLiveObjects: 0.269391 ms CreateObjectMapping: 0.085003 ms MarkObjects: 2.442185 ms  DeleteObjects: 0.156483 ms)

========================================================================
Received Import Request.
  Time since last request: 408.849268 seconds.
  path: Assets/Resources/Fonts
  artifactKey: Guid(a2d68013e45974857808157df2f0ed21) Importer(815301076,1909f56bfc062723c751e8b465ee728b)
Start importing Assets/Resources/Fonts using Guid(a2d68013e45974857808157df2f0ed21) Importer(815301076,1909f56bfc062723c751e8b465ee728b)  -> (artifact id: 'ccf3c7e9a40727c61b5b2ee3d50c2b42') in 0.055492 seconds
  Import took 0.087559 seconds .

========================================================================
Received Import Request.
  Time since last request: 6.872185 seconds.
  path: Assets/Resources/Fonts/norwester.otf
  artifactKey: Guid(ace8b30bbba1d46859c455225afeeb84) Importer(815301076,1909f56bfc062723c751e8b465ee728b)
Start importing Assets/Resources/Fonts/norwester.otf using Guid(ace8b30bbba1d46859c455225afeeb84) Importer(815301076,1909f56bfc062723c751e8b465ee728b)  -> (artifact id: '0c36933f05c2dc2062006b84022e5fe0') in 0.741925 seconds
  Import took 0.749408 seconds .

========================================================================
Received Prepare
Registering precompiled user dll's ...
Registered in 0.010912 seconds.
Begin MonoManager ReloadAssembly
Native extension for OSXStandalone target not found
Native extension for WebGL target not found
Refreshing native plugins compatible for Editor in 0.78 ms, found 4 plugins.
Preloading 0 native plugins for Editor in 0.00 ms.
Mono: successfully reloaded assembly
- Completed reload, in  1.536 seconds
Platform modules already initialized, skipping
Refreshing native plugins compatible for Editor in 0.61 ms, found 4 plugins.
Preloading 0 native plugins for Editor in 0.00 ms.
Unloading 2102 Unused Serialized files (Serialized files now loaded: 0)
System memory in use before: 191.1 MB.
System memory in use after: 191.1 MB.

Unloading 38 unused Assets to reduce memory usage. Loaded Objects now: 2686.
Total: 2.449286 ms (FindLiveObjects: 0.283313 ms CreateObjectMapping: 0.091848 ms MarkObjects: 1.954745 ms  DeleteObjects: 0.118395 ms)

========================================================================
Received Prepare
Registering precompiled user dll's ...
Registered in 0.010385 seconds.
Begin MonoManager ReloadAssembly
Native extension for OSXStandalone target not found
Native extension for WebGL target not found
Refreshing native plugins compatible for Editor in 0.92 ms, found 4 plugins.
Preloading 0 native plugins for Editor in 0.00 ms.
Mono: successfully reloaded assembly
- Completed reload, in  1.664 seconds
Platform modules already initialized, skipping
Refreshing native plugins compatible for Editor in 0.71 ms, found 4 plugins.
Preloading 0 native plugins for Editor in 0.00 ms.
Unloading 2102 Unused Serialized files (Serialized files now loaded: 0)
System memory in use before: 191.4 MB.
System memory in use after: 191.4 MB.

Unloading 38 unused Assets to reduce memory usage. Loaded Objects now: 2690.
Total: 3.586713 ms (FindLiveObjects: 0.294900 ms CreateObjectMapping: 0.100359 ms MarkObjects: 2.974737 ms  DeleteObjects: 0.215223 ms)

========================================================================
Received Prepare
Registering precompiled user dll's ...
Registered in 0.010073 seconds.
Begin MonoManager ReloadAssembly
Native extension for OSXStandalone target not found
Native extension for WebGL target not found
Refreshing native plugins compatible for Editor in 0.60 ms, found 4 plugins.
Preloading 0 native plugins for Editor in 0.00 ms.
Mono: successfully reloaded assembly
- Completed reload, in  1.392 seconds
Platform modules already initialized, skipping
Refreshing native plugins compatible for Editor in 0.61 ms, found 4 plugins.
Preloading 0 native plugins for Editor in 0.00 ms.
Unloading 2102 Unused Serialized files (Serialized files now loaded: 0)
System memory in use before: 191.6 MB.
System memory in use after: 191.6 MB.

Unloading 38 unused Assets to reduce memory usage. Loaded Objects now: 2694.
Total: 2.548836 ms (FindLiveObjects: 0.346404 ms CreateObjectMapping: 0.067998 ms MarkObjects: 2.012416 ms  DeleteObjects: 0.121293 ms)

========================================================================
Received Prepare
Registering precompiled user dll's ...
Registered in 0.010394 seconds.
Begin MonoManager ReloadAssembly
Native extension for OSXStandalone target not found
Native extension for WebGL target not found
Refreshing native plugins compatible for Editor in 0.61 ms, found 4 plugins.
Preloading 0 native plugins for Editor in 0.00 ms.
Mono: successfully reloaded assembly
- Completed reload, in  1.361 seconds
Platform modules already initialized, skipping
Refreshing native plugins compatible for Editor in 0.62 ms, found 4 plugins.
Preloading 0 native plugins for Editor in 0.00 ms.
Unloading 2102 Unused Serialized files (Serialized files now loaded: 0)
System memory in use before: 191.9 MB.
System memory in use after: 191.9 MB.

Unloading 38 unused Assets to reduce memory usage. Loaded Objects now: 2698.
Total: 2.359384 ms (FindLiveObjects: 0.270409 ms CreateObjectMapping: 0.102811 ms MarkObjects: 1.868237 ms  DeleteObjects: 0.117092 ms)

========================================================================
Received Prepare
Registering precompiled user dll's ...
Registered in 0.009678 seconds.
Begin MonoManager ReloadAssembly
Native extension for OSXStandalone target not found
Native extension for WebGL target not found
Refreshing native plugins compatible for Editor in 0.66 ms, found 4 plugins.
Preloading 0 native plugins for Editor in 0.00 ms.
Mono: successfully reloaded assembly
- Completed reload, in  1.327 seconds
Platform modules already initialized, skipping
Refreshing native plugins compatible for Editor in 0.59 ms, found 4 plugins.
Preloading 0 native plugins for Editor in 0.00 ms.
Unloading 2102 Unused Serialized files (Serialized files now loaded: 0)
System memory in use before: 192.0 MB.
System memory in use after: 192.1 MB.

Unloading 38 unused Assets to reduce memory usage. Loaded Objects now: 2702.
Total: 2.371276 ms (FindLiveObjects: 0.256539 ms CreateObjectMapping: 0.093785 ms MarkObjects: 1.908924 ms  DeleteObjects: 0.111116 ms)

========================================================================
Received Prepare
Registering precompiled user dll's ...
Registered in 0.003550 seconds.
Begin MonoManager ReloadAssembly
Native extension for OSXStandalone target not found
Native extension for WebGL target not found
Refreshing native plugins compatible for Editor in 0.75 ms, found 4 plugins.
Preloading 0 native plugins for Editor in 0.00 ms.
Mono: successfully reloaded assembly
- Completed reload, in  1.628 seconds
Platform modules already initialized, skipping
Refreshing native plugins compatible for Editor in 0.70 ms, found 4 plugins.
Preloading 0 native plugins for Editor in 0.00 ms.
Unloading 2102 Unused Serialized files (Serialized files now loaded: 0)
System memory in use before: 192.3 MB.
System memory in use after: 192.3 MB.

Unloading 38 unused Assets to reduce memory usage. Loaded Objects now: 2706.
Total: 3.419226 ms (FindLiveObjects: 0.375204 ms CreateObjectMapping: 0.210199 ms MarkObjects: 2.671914 ms  DeleteObjects: 0.159950 ms)

========================================================================
Received Prepare
Registering precompiled user dll's ...
Registered in 0.010147 seconds.
Begin MonoManager ReloadAssembly
Native extension for OSXStandalone target not found
Native extension for WebGL target not found
Refreshing native plugins compatible for Editor in 0.73 ms, found 4 plugins.
Preloading 0 native plugins for Editor in 0.00 ms.
Mono: successfully reloaded assembly
- Completed reload, in  1.457 seconds
Platform modules already initialized, skipping
Refreshing native plugins compatible for Editor in 0.59 ms, found 4 plugins.
Preloading 0 native plugins for Editor in 0.00 ms.
Unloading 2102 Unused Serialized files (Serialized files now loaded: 0)
System memory in use before: 192.5 MB.
System memory in use after: 192.5 MB.

Unloading 38 unused Assets to reduce memory usage. Loaded Objects now: 2710.
Total: 2.794345 ms (FindLiveObjects: 0.278105 ms CreateObjectMapping: 0.082193 ms MarkObjects: 2.306496 ms  DeleteObjects: 0.126463 ms)

========================================================================
Received Prepare
Registering precompiled user dll's ...
Registered in 0.010546 seconds.
Begin MonoManager ReloadAssembly
Native extension for OSXStandalone target not found
Native extension for WebGL target not found
Refreshing native plugins compatible for Editor in 0.66 ms, found 4 plugins.
Preloading 0 native plugins for Editor in 0.00 ms.
Mono: successfully reloaded assembly
- Completed reload, in  1.351 seconds
Platform modules already initialized, skipping
Refreshing native plugins compatible for Editor in 0.57 ms, found 4 plugins.
Preloading 0 native plugins for Editor in 0.00 ms.
Unloading 2102 Unused Serialized files (Serialized files now loaded: 0)
System memory in use before: 192.7 MB.
System memory in use after: 192.8 MB.

Unloading 38 unused Assets to reduce memory usage. Loaded Objects now: 2714.
Total: 2.790312 ms (FindLiveObjects: 0.397845 ms CreateObjectMapping: 0.212779 ms MarkObjects: 2.056174 ms  DeleteObjects: 0.122515 ms)

========================================================================
Received Prepare
Registering precompiled user dll's ...
Registered in 0.016655 seconds.
Begin MonoManager ReloadAssembly
Native extension for OSXStandalone target not found
Native extension for WebGL target not found
Refreshing native plugins compatible for Editor in 0.77 ms, found 4 plugins.
Preloading 0 native plugins for Editor in 0.00 ms.
Mono: successfully reloaded assembly
- Completed reload, in  1.803 seconds
Platform modules already initialized, skipping
Refreshing native plugins compatible for Editor in 0.70 ms, found 4 plugins.
Preloading 0 native plugins for Editor in 0.00 ms.
Unloading 2102 Unused Serialized files (Serialized files now loaded: 0)
System memory in use before: 192.9 MB.
System memory in use after: 193.0 MB.

Unloading 38 unused Assets to reduce memory usage. Loaded Objects now: 2718.
Total: 3.452459 ms (FindLiveObjects: 0.439486 ms CreateObjectMapping: 0.150904 ms MarkObjects: 2.691025 ms  DeleteObjects: 0.169063 ms)

========================================================================
Received Prepare
Registering precompiled user dll's ...
Registered in 0.010389 seconds.
Begin MonoManager ReloadAssembly
Native extension for OSXStandalone target not found
Native extension for WebGL target not found
Refreshing native plugins compatible for Editor in 0.68 ms, found 4 plugins.
Preloading 0 native plugins for Editor in 0.00 ms.
Mono: successfully reloaded assembly
- Completed reload, in  1.396 seconds
Platform modules already initialized, skipping
Refreshing native plugins compatible for Editor in 0.73 ms, found 4 plugins.
Preloading 0 native plugins for Editor in 0.00 ms.
Unloading 2102 Unused Serialized files (Serialized files now loaded: 0)
System memory in use before: 193.1 MB.
System memory in use after: 193.2 MB.

Unloading 38 unused Assets to reduce memory usage. Loaded Objects now: 2722.
Total: 2.495109 ms (FindLiveObjects: 0.292104 ms CreateObjectMapping: 0.119662 ms MarkObjects: 1.950967 ms  DeleteObjects: 0.131490 ms)

========================================================================
Received Prepare
Registering precompiled user dll's ...
Registered in 0.012851 seconds.
Begin MonoManager ReloadAssembly
Native extension for OSXStandalone target not found
Native extension for WebGL target not found
Refreshing native plugins compatible for Editor in 0.67 ms, found 4 plugins.
Preloading 0 native plugins for Editor in 0.00 ms.
Mono: successfully reloaded assembly
- Completed reload, in  1.921 seconds
Platform modules already initialized, skipping
Refreshing native plugins compatible for Editor in 0.71 ms, found 4 plugins.
Preloading 0 native plugins for Editor in 0.00 ms.
Unloading 2102 Unused Serialized files (Serialized files now loaded: 0)
System memory in use before: 193.3 MB.
System memory in use after: 193.4 MB.

Unloading 38 unused Assets to reduce memory usage. Loaded Objects now: 2726.
Total: 3.177387 ms (FindLiveObjects: 0.275020 ms CreateObjectMapping: 0.108678 ms MarkObjects: 2.612415 ms  DeleteObjects: 0.180125 ms)

========================================================================
Received Prepare
Registering precompiled user dll's ...
Registered in 0.010299 seconds.
Begin MonoManager ReloadAssembly
Native extension for OSXStandalone target not found
Native extension for WebGL target not found
Refreshing native plugins compatible for Editor in 0.59 ms, found 4 plugins.
Preloading 0 native plugins for Editor in 0.00 ms.
Mono: successfully reloaded assembly
- Completed reload, in  1.432 seconds
Platform modules already initialized, skipping
Refreshing native plugins compatible for Editor in 0.54 ms, found 4 plugins.
Preloading 0 native plugins for Editor in 0.00 ms.
Unloading 2102 Unused Serialized files (Serialized files now loaded: 0)
System memory in use before: 193.5 MB.
System memory in use after: 193.6 MB.

Unloading 38 unused Assets to reduce memory usage. Loaded Objects now: 2730.
Total: 2.639792 ms (FindLiveObjects: 0.338994 ms CreateObjectMapping: 0.091014 ms MarkObjects: 2.085583 ms  DeleteObjects: 0.123077 ms)

========================================================================
Received Import Request.
  Time since last request: 1662.973457 seconds.
  path: Assets/Resources/UI Assets/next.png
  artifactKey: Guid(c3d515d210d234836a489781815253c7) Importer(815301076,1909f56bfc062723c751e8b465ee728b)
Start importing Assets/Resources/UI Assets/next.png using Guid(c3d515d210d234836a489781815253c7) Importer(815301076,1909f56bfc062723c751e8b465ee728b)  -> (artifact id: '3fccec97fdfbd33f56ab341093fdc984') in 0.525857 seconds
  Import took 0.565529 seconds .

========================================================================
Received Import Request.
  Time since last request: 11.355709 seconds.
  path: Assets/Resources/UI Assets/next.png
  artifactKey: Guid(c3d515d210d234836a489781815253c7) Importer(815301076,1909f56bfc062723c751e8b465ee728b)
Start importing Assets/Resources/UI Assets/next.png using Guid(c3d515d210d234836a489781815253c7) Importer(815301076,1909f56bfc062723c751e8b465ee728b)  -> (artifact id: 'd83182ef3263536784588207fb26705c') in 0.014544 seconds
  Import took 0.021521 seconds .

========================================================================
Received Import Request.
  Time since last request: 36.530543 seconds.
  path: Assets/Resources/UI Assets/next.png
  artifactKey: Guid(c3d515d210d234836a489781815253c7) Importer(815301076,1909f56bfc062723c751e8b465ee728b)
Start importing Assets/Resources/UI Assets/next.png using Guid(c3d515d210d234836a489781815253c7) Importer(815301076,1909f56bfc062723c751e8b465ee728b)  -> (artifact id: 'a2a9ebf6037c81e55213c78dc9627eca') in 0.055855 seconds
  Import took 0.061795 seconds .

========================================================================
Received Prepare
Registering precompiled user dll's ...
Registered in 0.015873 seconds.
Begin MonoManager ReloadAssembly
Native extension for OSXStandalone target not found
Native extension for WebGL target not found
Refreshing native plugins compatible for Editor in 0.73 ms, found 4 plugins.
Preloading 0 native plugins for Editor in 0.00 ms.
Mono: successfully reloaded assembly
- Completed reload, in  1.930 seconds
Platform modules already initialized, skipping
Refreshing native plugins compatible for Editor in 0.59 ms, found 4 plugins.
Preloading 0 native plugins for Editor in 0.00 ms.
Unloading 2102 Unused Serialized files (Serialized files now loaded: 0)
System memory in use before: 198.0 MB.
System memory in use after: 198.1 MB.

Unloading 38 unused Assets to reduce memory usage. Loaded Objects now: 2740.
Total: 2.663358 ms (FindLiveObjects: 0.368654 ms CreateObjectMapping: 0.112541 ms MarkObjects: 2.050340 ms  DeleteObjects: 0.131062 ms)

========================================================================
Received Import Request.
  Time since last request: 498.933714 seconds.
  path: Assets/Resources/UI Assets/next 1.png
  artifactKey: Guid(615fd8322c51a4dc6961fe357e90c702) Importer(815301076,1909f56bfc062723c751e8b465ee728b)
Start importing Assets/Resources/UI Assets/next 1.png using Guid(615fd8322c51a4dc6961fe357e90c702) Importer(815301076,1909f56bfc062723c751e8b465ee728b)  -> (artifact id: 'd42ad6b27d43267918f2d6bfd4f378ed') in 0.185836 seconds
  Import took 0.221782 seconds .

========================================================================
Received Import Request.
  Time since last request: 2.198614 seconds.
  path: Assets/Resources/UI Assets/next.svg
  artifactKey: Guid(eb5e9f243d1214054adfbb3a680c5d71) Importer(815301076,1909f56bfc062723c751e8b465ee728b)
Start importing Assets/Resources/UI Assets/next.svg using Guid(eb5e9f243d1214054adfbb3a680c5d71) Importer(815301076,1909f56bfc062723c751e8b465ee728b)  -> (artifact id: '4bd802580be953ea12b132871da2c0d8') in 0.259961 seconds
  Import took 0.265562 seconds .

========================================================================
Received Import Request.
  Time since last request: 40.018477 seconds.
  path: Assets/Resources/UI Assets/next.png
  artifactKey: Guid(c3d515d210d234836a489781815253c7) Importer(815301076,1909f56bfc062723c751e8b465ee728b)
Start importing Assets/Resources/UI Assets/next.png using Guid(c3d515d210d234836a489781815253c7) Importer(815301076,1909f56bfc062723c751e8b465ee728b)  -> (artifact id: 'a9a092702da9ebae8ff5d22bd2b07fef') in 0.031004 seconds
  Import took 0.037261 seconds .

========================================================================
Received Import Request.
  Time since last request: 0.006876 seconds.
  path: Assets/Resources/UI Assets/next.png
  artifactKey: Guid(c3d515d210d234836a489781815253c7) Importer(815301076,1909f56bfc062723c751e8b465ee728b)
Start importing Assets/Resources/UI Assets/next.png using Guid(c3d515d210d234836a489781815253c7) Importer(815301076,1909f56bfc062723c751e8b465ee728b)  -> (artifact id: 'a9a092702da9ebae8ff5d22bd2b07fef') in 0.014610 seconds
  Import took 0.020391 seconds .

========================================================================
Received Import Request.
  Time since last request: 7.283388 seconds.
  path: Assets/Resources/UI Assets/next.png
  artifactKey: Guid(c3d515d210d234836a489781815253c7) Importer(815301076,1909f56bfc062723c751e8b465ee728b)
Start importing Assets/Resources/UI Assets/next.png using Guid(c3d515d210d234836a489781815253c7) Importer(815301076,1909f56bfc062723c751e8b465ee728b)  -> (artifact id: '830266a404723504588494328b697d78') in 0.014463 seconds
  Import took 0.021912 seconds .

========================================================================
Received Import Request.
  Time since last request: 8.907725 seconds.
  path: Assets/Resources/UI Assets/next.png
  artifactKey: Guid(c3d515d210d234836a489781815253c7) Importer(815301076,1909f56bfc062723c751e8b465ee728b)
Start importing Assets/Resources/UI Assets/next.png using Guid(c3d515d210d234836a489781815253c7) Importer(815301076,1909f56bfc062723c751e8b465ee728b)  -> (artifact id: '817399f5c9f6ebf9ea38eb7529f59a20') in 0.078277 seconds
  Import took 0.083481 seconds .

========================================================================
Received Import Request.
  Time since last request: 169.316125 seconds.
  path: Assets/Plugins/GitHub/Editor/big-logo@2x.png
  artifactKey: Guid(f81094832d834c64d93b198cb16b6a3e) Importer(815301076,1909f56bfc062723c751e8b465ee728b)
Start importing Assets/Plugins/GitHub/Editor/big-logo@2x.png using Guid(f81094832d834c64d93b198cb16b6a3e) Importer(815301076,1909f56bfc062723c751e8b465ee728b)  -> (artifact id: '0adcc90895ff65591bff4907a049684c') in 0.008637 seconds
  Import took 0.013500 seconds .

========================================================================
Received Prepare
Registering precompiled user dll's ...
Registered in 0.009260 seconds.
Begin MonoManager ReloadAssembly
Native extension for OSXStandalone target not found
Native extension for WebGL target not found
Refreshing native plugins compatible for Editor in 0.66 ms, found 4 plugins.
Preloading 0 native plugins for Editor in 0.00 ms.
Mono: successfully reloaded assembly
- Completed reload, in  1.428 seconds
Platform modules already initialized, skipping
Refreshing native plugins compatible for Editor in 0.60 ms, found 4 plugins.
Preloading 0 native plugins for Editor in 0.00 ms.
Unloading 2103 Unused Serialized files (Serialized files now loaded: 0)
System memory in use before: 202.6 MB.
System memory in use after: 202.7 MB.

Unloading 38 unused Assets to reduce memory usage. Loaded Objects now: 2751.
Total: 3.276321 ms (FindLiveObjects: 0.556920 ms CreateObjectMapping: 0.179483 ms MarkObjects: 2.324260 ms  DeleteObjects: 0.214467 ms)

========================================================================
Received Prepare
Registering precompiled user dll's ...
Registered in 0.011799 seconds.
Begin MonoManager ReloadAssembly
Native extension for OSXStandalone target not found
Native extension for WebGL target not found
Refreshing native plugins compatible for Editor in 0.74 ms, found 4 plugins.
Preloading 0 native plugins for Editor in 0.00 ms.
Mono: successfully reloaded assembly
- Completed reload, in  1.451 seconds
Platform modules already initialized, skipping
Refreshing native plugins compatible for Editor in 0.60 ms, found 4 plugins.
Preloading 0 native plugins for Editor in 0.00 ms.
Unloading 2103 Unused Serialized files (Serialized files now loaded: 0)
System memory in use before: 202.8 MB.
System memory in use after: 202.9 MB.

Unloading 38 unused Assets to reduce memory usage. Loaded Objects now: 2755.
Total: 3.068006 ms (FindLiveObjects: 0.357931 ms CreateObjectMapping: 0.298505 ms MarkObjects: 2.269335 ms  DeleteObjects: 0.141144 ms)

========================================================================
Received Import Request.
  Time since last request: 47.199045 seconds.
  path: Assets/Scripts/PositionHelper.cs
  artifactKey: Guid(1bf83935059ea4587b6ad443ea1c7933) Importer(815301076,1909f56bfc062723c751e8b465ee728b)
Start importing Assets/Scripts/PositionHelper.cs using Guid(1bf83935059ea4587b6ad443ea1c7933) Importer(815301076,1909f56bfc062723c751e8b465ee728b)  -> (artifact id: 'a9e743202abbfa842f45384177b98265') in 0.451765 seconds
  Import took 0.457374 seconds .

========================================================================
Received Prepare
Registering precompiled user dll's ...
Registered in 0.010922 seconds.
Begin MonoManager ReloadAssembly
Native extension for OSXStandalone target not found
Native extension for WebGL target not found
Refreshing native plugins compatible for Editor in 0.65 ms, found 4 plugins.
Preloading 0 native plugins for Editor in 0.00 ms.
Mono: successfully reloaded assembly
- Completed reload, in  1.434 seconds
Platform modules already initialized, skipping
Refreshing native plugins compatible for Editor in 0.57 ms, found 4 plugins.
Preloading 0 native plugins for Editor in 0.00 ms.
Unloading 2103 Unused Serialized files (Serialized files now loaded: 0)
System memory in use before: 207.2 MB.
System memory in use after: 207.3 MB.

Unloading 38 unused Assets to reduce memory usage. Loaded Objects now: 2759.
Total: 2.833265 ms (FindLiveObjects: 0.378077 ms CreateObjectMapping: 0.085979 ms MarkObjects: 2.242364 ms  DeleteObjects: 0.125793 ms)

========================================================================
Received Prepare
Registering precompiled user dll's ...
Registered in 0.010741 seconds.
Begin MonoManager ReloadAssembly
Native extension for OSXStandalone target not found
Native extension for WebGL target not found
Refreshing native plugins compatible for Editor in 0.82 ms, found 4 plugins.
Preloading 0 native plugins for Editor in 0.00 ms.
Mono: successfully reloaded assembly
- Completed reload, in  1.672 seconds
Platform modules already initialized, skipping
Refreshing native plugins compatible for Editor in 0.84 ms, found 4 plugins.
Preloading 0 native plugins for Editor in 0.00 ms.
Unloading 2103 Unused Serialized files (Serialized files now loaded: 0)
System memory in use before: 207.4 MB.
System memory in use after: 207.5 MB.

Unloading 38 unused Assets to reduce memory usage. Loaded Objects now: 2763.
Total: 3.583765 ms (FindLiveObjects: 0.371306 ms CreateObjectMapping: 0.183798 ms MarkObjects: 2.889370 ms  DeleteObjects: 0.137644 ms)

========================================================================
Received Prepare
Registering precompiled user dll's ...
Registered in 0.009536 seconds.
Begin MonoManager ReloadAssembly
Native extension for OSXStandalone target not found
Native extension for WebGL target not found
Refreshing native plugins compatible for Editor in 0.58 ms, found 4 plugins.
Preloading 0 native plugins for Editor in 0.00 ms.
Mono: successfully reloaded assembly
- Completed reload, in  1.303 seconds
Platform modules already initialized, skipping
Refreshing native plugins compatible for Editor in 0.58 ms, found 4 plugins.
Preloading 0 native plugins for Editor in 0.00 ms.
Unloading 2103 Unused Serialized files (Serialized files now loaded: 0)
System memory in use before: 207.6 MB.
System memory in use after: 207.7 MB.

Unloading 38 unused Assets to reduce memory usage. Loaded Objects now: 2767.
Total: 2.263120 ms (FindLiveObjects: 0.242888 ms CreateObjectMapping: 0.088180 ms MarkObjects: 1.828544 ms  DeleteObjects: 0.102715 ms)

========================================================================
Received Prepare
Registering precompiled user dll's ...
Registered in 0.010468 seconds.
Begin MonoManager ReloadAssembly
Native extension for OSXStandalone target not found
Native extension for WebGL target not found
Refreshing native plugins compatible for Editor in 0.87 ms, found 4 plugins.
Preloading 0 native plugins for Editor in 0.00 ms.
Mono: successfully reloaded assembly
- Completed reload, in  1.851 seconds
Platform modules already initialized, skipping
Refreshing native plugins compatible for Editor in 0.64 ms, found 4 plugins.
Preloading 0 native plugins for Editor in 0.00 ms.
Unloading 2103 Unused Serialized files (Serialized files now loaded: 0)
System memory in use before: 207.8 MB.
System memory in use after: 207.9 MB.

Unloading 38 unused Assets to reduce memory usage. Loaded Objects now: 2771.
Total: 3.152227 ms (FindLiveObjects: 0.293496 ms CreateObjectMapping: 0.135033 ms MarkObjects: 2.582556 ms  DeleteObjects: 0.139569 ms)

========================================================================
Received Prepare
Registering precompiled user dll's ...
Registered in 0.011710 seconds.
Begin MonoManager ReloadAssembly
Native extension for OSXStandalone target not found
Native extension for WebGL target not found
Refreshing native plugins compatible for Editor in 0.61 ms, found 4 plugins.
Preloading 0 native plugins for Editor in 0.00 ms.
Mono: successfully reloaded assembly
- Completed reload, in  1.432 seconds
Platform modules already initialized, skipping
Refreshing native plugins compatible for Editor in 0.65 ms, found 4 plugins.
Preloading 0 native plugins for Editor in 0.00 ms.
Unloading 2103 Unused Serialized files (Serialized files now loaded: 0)
System memory in use before: 208.0 MB.
System memory in use after: 208.1 MB.

Unloading 38 unused Assets to reduce memory usage. Loaded Objects now: 2775.
Total: 2.737101 ms (FindLiveObjects: 0.364619 ms CreateObjectMapping: 0.097497 ms MarkObjects: 2.130319 ms  DeleteObjects: 0.143681 ms)

========================================================================
Received Prepare
Registering precompiled user dll's ...
Registered in 0.010553 seconds.
Begin MonoManager ReloadAssembly
Native extension for OSXStandalone target not found
Native extension for WebGL target not found
Refreshing native plugins compatible for Editor in 0.81 ms, found 4 plugins.
Preloading 0 native plugins for Editor in 0.00 ms.
Mono: successfully reloaded assembly
- Completed reload, in  1.874 seconds
Platform modules already initialized, skipping
Refreshing native plugins compatible for Editor in 0.69 ms, found 4 plugins.
Preloading 0 native plugins for Editor in 0.00 ms.
Unloading 2103 Unused Serialized files (Serialized files now loaded: 0)
System memory in use before: 208.3 MB.
System memory in use after: 208.3 MB.

Unloading 38 unused Assets to reduce memory usage. Loaded Objects now: 2779.
Total: 3.467211 ms (FindLiveObjects: 0.316907 ms CreateObjectMapping: 0.334134 ms MarkObjects: 2.625370 ms  DeleteObjects: 0.189737 ms)

========================================================================
Received Prepare
Registering precompiled user dll's ...
Registered in 0.003453 seconds.
Begin MonoManager ReloadAssembly
Native extension for OSXStandalone target not found
Native extension for WebGL target not found
Refreshing native plugins compatible for Editor in 0.64 ms, found 4 plugins.
Preloading 0 native plugins for Editor in 0.00 ms.
Mono: successfully reloaded assembly
- Completed reload, in  1.305 seconds
Platform modules already initialized, skipping
Refreshing native plugins compatible for Editor in 0.72 ms, found 4 plugins.
Preloading 0 native plugins for Editor in 0.00 ms.
Unloading 2103 Unused Serialized files (Serialized files now loaded: 0)
System memory in use before: 208.5 MB.
System memory in use after: 208.5 MB.

Unloading 38 unused Assets to reduce memory usage. Loaded Objects now: 2783.
Total: 2.466916 ms (FindLiveObjects: 0.269142 ms CreateObjectMapping: 0.089978 ms MarkObjects: 1.994823 ms  DeleteObjects: 0.112045 ms)

========================================================================
Received Prepare
Registering precompiled user dll's ...
Registered in 0.003491 seconds.
Begin MonoManager ReloadAssembly
Native extension for OSXStandalone target not found
Native extension for WebGL target not found
Refreshing native plugins compatible for Editor in 0.79 ms, found 4 plugins.
Preloading 0 native plugins for Editor in 0.00 ms.
Mono: successfully reloaded assembly
- Completed reload, in  1.785 seconds
Platform modules already initialized, skipping
Refreshing native plugins compatible for Editor in 0.62 ms, found 4 plugins.
Preloading 0 native plugins for Editor in 0.00 ms.
Unloading 2103 Unused Serialized files (Serialized files now loaded: 0)
System memory in use before: 208.7 MB.
System memory in use after: 208.7 MB.

Unloading 38 unused Assets to reduce memory usage. Loaded Objects now: 2787.
Total: 3.308414 ms (FindLiveObjects: 0.339006 ms CreateObjectMapping: 0.186382 ms MarkObjects: 2.635520 ms  DeleteObjects: 0.146325 ms)

========================================================================
Received Prepare
Registering precompiled user dll's ...
Registered in 0.010721 seconds.
Begin MonoManager ReloadAssembly
Native extension for OSXStandalone target not found
Native extension for WebGL target not found
Refreshing native plugins compatible for Editor in 0.59 ms, found 4 plugins.
Preloading 0 native plugins for Editor in 0.00 ms.
Mono: successfully reloaded assembly
- Completed reload, in  1.332 seconds
Platform modules already initialized, skipping
Refreshing native plugins compatible for Editor in 0.63 ms, found 4 plugins.
Preloading 0 native plugins for Editor in 0.00 ms.
Unloading 2103 Unused Serialized files (Serialized files now loaded: 0)
System memory in use before: 208.9 MB.
System memory in use after: 208.9 MB.

Unloading 38 unused Assets to reduce memory usage. Loaded Objects now: 2791.
Total: 2.623845 ms (FindLiveObjects: 0.274972 ms CreateObjectMapping: 0.135030 ms MarkObjects: 2.077092 ms  DeleteObjects: 0.135810 ms)

========================================================================
Received Prepare
Registering precompiled user dll's ...
Registered in 0.010542 seconds.
Begin MonoManager ReloadAssembly
Native extension for OSXStandalone target not found
Native extension for WebGL target not found
Refreshing native plugins compatible for Editor in 0.86 ms, found 4 plugins.
Preloading 0 native plugins for Editor in 0.00 ms.
Mono: successfully reloaded assembly
- Completed reload, in  1.831 seconds
Platform modules already initialized, skipping
Refreshing native plugins compatible for Editor in 0.64 ms, found 4 plugins.
Preloading 0 native plugins for Editor in 0.00 ms.
Unloading 2103 Unused Serialized files (Serialized files now loaded: 0)
System memory in use before: 209.1 MB.
System memory in use after: 209.2 MB.

Unloading 38 unused Assets to reduce memory usage. Loaded Objects now: 2795.
Total: 3.452210 ms (FindLiveObjects: 0.408928 ms CreateObjectMapping: 0.159719 ms MarkObjects: 2.717035 ms  DeleteObjects: 0.165457 ms)

========================================================================
Received Prepare
Registering precompiled user dll's ...
Registered in 0.010155 seconds.
Begin MonoManager ReloadAssembly
Native extension for OSXStandalone target not found
Native extension for WebGL target not found
Refreshing native plugins compatible for Editor in 0.74 ms, found 4 plugins.
Preloading 0 native plugins for Editor in 0.00 ms.
Mono: successfully reloaded assembly
- Completed reload, in  1.340 seconds
Platform modules already initialized, skipping
Refreshing native plugins compatible for Editor in 0.75 ms, found 4 plugins.
Preloading 0 native plugins for Editor in 0.00 ms.
Unloading 2103 Unused Serialized files (Serialized files now loaded: 0)
System memory in use before: 209.3 MB.
System memory in use after: 209.4 MB.

Unloading 38 unused Assets to reduce memory usage. Loaded Objects now: 2799.
Total: 3.452660 ms (FindLiveObjects: 0.300819 ms CreateObjectMapping: 0.108027 ms MarkObjects: 2.115283 ms  DeleteObjects: 0.927615 ms)

========================================================================
Received Prepare
Registering precompiled user dll's ...
Registered in 0.013869 seconds.
Begin MonoManager ReloadAssembly
Native extension for OSXStandalone target not found
Native extension for WebGL target not found
Refreshing native plugins compatible for Editor in 0.61 ms, found 4 plugins.
Preloading 0 native plugins for Editor in 0.00 ms.
Mono: successfully reloaded assembly
- Completed reload, in  1.859 seconds
Platform modules already initialized, skipping
Refreshing native plugins compatible for Editor in 0.74 ms, found 4 plugins.
Preloading 0 native plugins for Editor in 0.00 ms.
Unloading 2103 Unused Serialized files (Serialized files now loaded: 0)
System memory in use before: 209.5 MB.
System memory in use after: 209.6 MB.

Unloading 38 unused Assets to reduce memory usage. Loaded Objects now: 2803.
Total: 3.318919 ms (FindLiveObjects: 0.349003 ms CreateObjectMapping: 0.183569 ms MarkObjects: 2.640413 ms  DeleteObjects: 0.144612 ms)

========================================================================
Received Prepare
Registering precompiled user dll's ...
Registered in 0.009458 seconds.
Begin MonoManager ReloadAssembly
Native extension for OSXStandalone target not found
Native extension for WebGL target not found
Refreshing native plugins compatible for Editor in 0.56 ms, found 4 plugins.
Preloading 0 native plugins for Editor in 0.00 ms.
Mono: successfully reloaded assembly
- Completed reload, in  1.394 seconds
Platform modules already initialized, skipping
Refreshing native plugins compatible for Editor in 0.85 ms, found 4 plugins.
Preloading 0 native plugins for Editor in 0.00 ms.
Unloading 2103 Unused Serialized files (Serialized files now loaded: 0)
System memory in use before: 209.7 MB.
System memory in use after: 209.8 MB.

Unloading 38 unused Assets to reduce memory usage. Loaded Objects now: 2807.
Total: 4.709600 ms (FindLiveObjects: 2.040423 ms CreateObjectMapping: 0.163441 ms MarkObjects: 2.339975 ms  DeleteObjects: 0.164820 ms)

========================================================================
Received Prepare
Registering precompiled user dll's ...
Registered in 0.003757 seconds.
Begin MonoManager ReloadAssembly
Native extension for OSXStandalone target not found
Native extension for WebGL target not found
Refreshing native plugins compatible for Editor in 0.67 ms, found 4 plugins.
Preloading 0 native plugins for Editor in 0.00 ms.
Mono: successfully reloaded assembly
- Completed reload, in  1.740 seconds
Platform modules already initialized, skipping
Refreshing native plugins compatible for Editor in 0.81 ms, found 4 plugins.
Preloading 0 native plugins for Editor in 0.00 ms.
Unloading 2103 Unused Serialized files (Serialized files now loaded: 0)
System memory in use before: 209.9 MB.
System memory in use after: 210.0 MB.

Unloading 38 unused Assets to reduce memory usage. Loaded Objects now: 2811.
Total: 3.325108 ms (FindLiveObjects: 0.367426 ms CreateObjectMapping: 0.237004 ms MarkObjects: 2.587489 ms  DeleteObjects: 0.131826 ms)

========================================================================
Received Prepare
Registering precompiled user dll's ...
Registered in 0.010847 seconds.
Begin MonoManager ReloadAssembly
Native extension for OSXStandalone target not found
Native extension for WebGL target not found
Refreshing native plugins compatible for Editor in 0.61 ms, found 4 plugins.
Preloading 0 native plugins for Editor in 0.00 ms.
Mono: successfully reloaded assembly
- Completed reload, in  1.367 seconds
Platform modules already initialized, skipping
Refreshing native plugins compatible for Editor in 0.59 ms, found 4 plugins.
Preloading 0 native plugins for Editor in 0.00 ms.
Unloading 2103 Unused Serialized files (Serialized files now loaded: 0)
System memory in use before: 210.1 MB.
System memory in use after: 210.2 MB.

Unloading 38 unused Assets to reduce memory usage. Loaded Objects now: 2815.
Total: 2.318033 ms (FindLiveObjects: 0.274775 ms CreateObjectMapping: 0.092162 ms MarkObjects: 1.831810 ms  DeleteObjects: 0.118438 ms)

========================================================================
Received Prepare
Registering precompiled user dll's ...
Registered in 0.003550 seconds.
Begin MonoManager ReloadAssembly
Native extension for OSXStandalone target not found
Native extension for WebGL target not found
Refreshing native plugins compatible for Editor in 0.70 ms, found 4 plugins.
Preloading 0 native plugins for Editor in 0.00 ms.
Mono: successfully reloaded assembly
- Completed reload, in  1.302 seconds
Platform modules already initialized, skipping
Refreshing native plugins compatible for Editor in 0.55 ms, found 4 plugins.
Preloading 0 native plugins for Editor in 0.00 ms.
Unloading 2103 Unused Serialized files (Serialized files now loaded: 0)
System memory in use before: 210.3 MB.
System memory in use after: 210.4 MB.

Unloading 38 unused Assets to reduce memory usage. Loaded Objects now: 2819.
Total: 2.831235 ms (FindLiveObjects: 0.256400 ms CreateObjectMapping: 0.088376 ms MarkObjects: 2.372604 ms  DeleteObjects: 0.113068 ms)

========================================================================
Received Prepare
Registering precompiled user dll's ...
Registered in 0.012487 seconds.
Begin MonoManager ReloadAssembly
Native extension for OSXStandalone target not found
Native extension for WebGL target not found
Refreshing native plugins compatible for Editor in 0.56 ms, found 4 plugins.
Preloading 0 native plugins for Editor in 0.00 ms.
Mono: successfully reloaded assembly
- Completed reload, in  1.278 seconds
Platform modules already initialized, skipping
Refreshing native plugins compatible for Editor in 0.57 ms, found 4 plugins.
Preloading 0 native plugins for Editor in 0.00 ms.
Unloading 2103 Unused Serialized files (Serialized files now loaded: 0)
System memory in use before: 210.5 MB.
System memory in use after: 210.6 MB.

Unloading 38 unused Assets to reduce memory usage. Loaded Objects now: 2823.
Total: 2.542553 ms (FindLiveObjects: 0.270669 ms CreateObjectMapping: 0.095149 ms MarkObjects: 2.061550 ms  DeleteObjects: 0.114285 ms)

========================================================================
Received Prepare
Registering precompiled user dll's ...
Registered in 0.005330 seconds.
Begin MonoManager ReloadAssembly
Native extension for OSXStandalone target not found
Native extension for WebGL target not found
Refreshing native plugins compatible for Editor in 1.07 ms, found 4 plugins.
Preloading 0 native plugins for Editor in 0.00 ms.
Mono: successfully reloaded assembly
- Completed reload, in  1.844 seconds
Platform modules already initialized, skipping
Refreshing native plugins compatible for Editor in 0.77 ms, found 4 plugins.
Preloading 0 native plugins for Editor in 0.00 ms.
Unloading 2103 Unused Serialized files (Serialized files now loaded: 0)
System memory in use before: 210.7 MB.
System memory in use after: 210.8 MB.

Unloading 38 unused Assets to reduce memory usage. Loaded Objects now: 2827.
Total: 3.513591 ms (FindLiveObjects: 0.381724 ms CreateObjectMapping: 0.194929 ms MarkObjects: 2.783630 ms  DeleteObjects: 0.151300 ms)

========================================================================
Received Prepare
Registering precompiled user dll's ...
Registered in 0.010926 seconds.
Begin MonoManager ReloadAssembly
Native extension for OSXStandalone target not found
Native extension for WebGL target not found
Refreshing native plugins compatible for Editor in 0.62 ms, found 4 plugins.
Preloading 0 native plugins for Editor in 0.00 ms.
Mono: successfully reloaded assembly
- Completed reload, in  1.353 seconds
Platform modules already initialized, skipping
Refreshing native plugins compatible for Editor in 0.55 ms, found 4 plugins.
Preloading 0 native plugins for Editor in 0.00 ms.
Unloading 2103 Unused Serialized files (Serialized files now loaded: 0)
System memory in use before: 210.9 MB.
System memory in use after: 211.0 MB.

Unloading 38 unused Assets to reduce memory usage. Loaded Objects now: 2831.
Total: 2.456692 ms (FindLiveObjects: 0.231152 ms CreateObjectMapping: 0.093448 ms MarkObjects: 2.032842 ms  DeleteObjects: 0.098349 ms)

========================================================================
Received Prepare
Registering precompiled user dll's ...
Registered in 0.004566 seconds.
Begin MonoManager ReloadAssembly
Native extension for OSXStandalone target not found
Native extension for WebGL target not found
Refreshing native plugins compatible for Editor in 0.87 ms, found 4 plugins.
Preloading 0 native plugins for Editor in 0.00 ms.
Mono: successfully reloaded assembly
- Completed reload, in  1.835 seconds
Platform modules already initialized, skipping
Refreshing native plugins compatible for Editor in 0.78 ms, found 4 plugins.
Preloading 0 native plugins for Editor in 0.00 ms.
Unloading 2103 Unused Serialized files (Serialized files now loaded: 0)
System memory in use before: 211.1 MB.
System memory in use after: 211.2 MB.

Unloading 38 unused Assets to reduce memory usage. Loaded Objects now: 2835.
Total: 2.969520 ms (FindLiveObjects: 0.379062 ms CreateObjectMapping: 0.133765 ms MarkObjects: 2.334254 ms  DeleteObjects: 0.121014 ms)

========================================================================
Received Prepare
Registering precompiled user dll's ...
Registered in 0.009461 seconds.
Begin MonoManager ReloadAssembly
Native extension for OSXStandalone target not found
Native extension for WebGL target not found
Refreshing native plugins compatible for Editor in 1.02 ms, found 4 plugins.
Preloading 0 native plugins for Editor in 0.00 ms.
Mono: successfully reloaded assembly
- Completed reload, in  1.811 seconds
Platform modules already initialized, skipping
Refreshing native plugins compatible for Editor in 0.79 ms, found 4 plugins.
Preloading 0 native plugins for Editor in 0.00 ms.
Unloading 2103 Unused Serialized files (Serialized files now loaded: 0)
System memory in use before: 211.3 MB.
System memory in use after: 211.4 MB.

Unloading 38 unused Assets to reduce memory usage. Loaded Objects now: 2839.
Total: 3.535680 ms (FindLiveObjects: 0.395490 ms CreateObjectMapping: 0.145729 ms MarkObjects: 2.841838 ms  DeleteObjects: 0.151112 ms)

========================================================================
Received Prepare
Registering precompiled user dll's ...
Registered in 0.012491 seconds.
Begin MonoManager ReloadAssembly
Native extension for OSXStandalone target not found
Native extension for WebGL target not found
Refreshing native plugins compatible for Editor in 0.56 ms, found 4 plugins.
Preloading 0 native plugins for Editor in 0.00 ms.
Mono: successfully reloaded assembly
- Completed reload, in  1.315 seconds
Platform modules already initialized, skipping
Refreshing native plugins compatible for Editor in 0.63 ms, found 4 plugins.
Preloading 0 native plugins for Editor in 0.00 ms.
Unloading 2103 Unused Serialized files (Serialized files now loaded: 0)
System memory in use before: 211.5 MB.
System memory in use after: 211.6 MB.

Unloading 38 unused Assets to reduce memory usage. Loaded Objects now: 2843.
Total: 2.431584 ms (FindLiveObjects: 0.273224 ms CreateObjectMapping: 0.093671 ms MarkObjects: 1.950688 ms  DeleteObjects: 0.113173 ms)

========================================================================
Received Prepare
Registering precompiled user dll's ...
Registered in 0.011254 seconds.
Begin MonoManager ReloadAssembly
Native extension for OSXStandalone target not found
Native extension for WebGL target not found
Refreshing native plugins compatible for Editor in 0.56 ms, found 4 plugins.
Preloading 0 native plugins for Editor in 0.00 ms.
Mono: successfully reloaded assembly
- Completed reload, in  1.325 seconds
Platform modules already initialized, skipping
Refreshing native plugins compatible for Editor in 0.71 ms, found 4 plugins.
Preloading 0 native plugins for Editor in 0.00 ms.
Unloading 2103 Unused Serialized files (Serialized files now loaded: 0)
System memory in use before: 211.8 MB.
System memory in use after: 211.9 MB.

Unloading 38 unused Assets to reduce memory usage. Loaded Objects now: 2847.
Total: 2.628792 ms (FindLiveObjects: 0.291820 ms CreateObjectMapping: 0.108053 ms MarkObjects: 2.106104 ms  DeleteObjects: 0.121596 ms)

========================================================================
Received Prepare
Registering precompiled user dll's ...
Registered in 0.010261 seconds.
Begin MonoManager ReloadAssembly
Native extension for OSXStandalone target not found
Native extension for WebGL target not found
Refreshing native plugins compatible for Editor in 0.75 ms, found 4 plugins.
Preloading 0 native plugins for Editor in 0.00 ms.
Mono: successfully reloaded assembly
- Completed reload, in  1.663 seconds
Platform modules already initialized, skipping
Refreshing native plugins compatible for Editor in 0.70 ms, found 4 plugins.
Preloading 0 native plugins for Editor in 0.00 ms.
Unloading 2103 Unused Serialized files (Serialized files now loaded: 0)
System memory in use before: 212.0 MB.
System memory in use after: 212.1 MB.

Unloading 38 unused Assets to reduce memory usage. Loaded Objects now: 2851.
Total: 3.132209 ms (FindLiveObjects: 0.370664 ms CreateObjectMapping: 0.179251 ms MarkObjects: 2.456602 ms  DeleteObjects: 0.124687 ms)

========================================================================
Received Prepare
Registering precompiled user dll's ...
Registered in 0.009971 seconds.
Begin MonoManager ReloadAssembly
Native extension for OSXStandalone target not found
Native extension for WebGL target not found
Refreshing native plugins compatible for Editor in 0.58 ms, found 4 plugins.
Preloading 0 native plugins for Editor in 0.00 ms.
Mono: successfully reloaded assembly
- Completed reload, in  1.309 seconds
Platform modules already initialized, skipping
Refreshing native plugins compatible for Editor in 0.60 ms, found 4 plugins.
Preloading 0 native plugins for Editor in 0.00 ms.
Unloading 2103 Unused Serialized files (Serialized files now loaded: 0)
System memory in use before: 212.2 MB.
System memory in use after: 212.3 MB.

Unloading 38 unused Assets to reduce memory usage. Loaded Objects now: 2855.
Total: 2.557409 ms (FindLiveObjects: 0.278500 ms CreateObjectMapping: 0.123395 ms MarkObjects: 2.038927 ms  DeleteObjects: 0.115794 ms)

========================================================================
Received Prepare
Registering precompiled user dll's ...
Registered in 0.003467 seconds.
Begin MonoManager ReloadAssembly
Native extension for OSXStandalone target not found
Native extension for WebGL target not found
Refreshing native plugins compatible for Editor in 0.68 ms, found 4 plugins.
Preloading 0 native plugins for Editor in 0.00 ms.
Mono: successfully reloaded assembly
- Completed reload, in  1.707 seconds
Platform modules already initialized, skipping
Refreshing native plugins compatible for Editor in 0.62 ms, found 4 plugins.
Preloading 0 native plugins for Editor in 0.00 ms.
Unloading 2103 Unused Serialized files (Serialized files now loaded: 0)
System memory in use before: 212.4 MB.
System memory in use after: 212.5 MB.

Unloading 38 unused Assets to reduce memory usage. Loaded Objects now: 2859.
Total: 3.398929 ms (FindLiveObjects: 0.411242 ms CreateObjectMapping: 0.227730 ms MarkObjects: 2.618067 ms  DeleteObjects: 0.140303 ms)

========================================================================
Received Prepare
Registering precompiled user dll's ...
Registered in 0.012229 seconds.
Begin MonoManager ReloadAssembly
Native extension for OSXStandalone target not found
Native extension for WebGL target not found
Refreshing native plugins compatible for Editor in 0.65 ms, found 4 plugins.
Preloading 0 native plugins for Editor in 0.00 ms.
Mono: successfully reloaded assembly
- Completed reload, in  1.425 seconds
Platform modules already initialized, skipping
Refreshing native plugins compatible for Editor in 0.57 ms, found 4 plugins.
Preloading 0 native plugins for Editor in 0.00 ms.
Unloading 2103 Unused Serialized files (Serialized files now loaded: 0)
System memory in use before: 212.6 MB.
System memory in use after: 212.7 MB.

Unloading 38 unused Assets to reduce memory usage. Loaded Objects now: 2863.
Total: 2.414209 ms (FindLiveObjects: 0.254974 ms CreateObjectMapping: 0.098928 ms MarkObjects: 1.947395 ms  DeleteObjects: 0.111864 ms)

========================================================================
Received Prepare
Registering precompiled user dll's ...
Registered in 0.011359 seconds.
Begin MonoManager ReloadAssembly
Native extension for OSXStandalone target not found
Native extension for WebGL target not found
Refreshing native plugins compatible for Editor in 0.78 ms, found 4 plugins.
Preloading 0 native plugins for Editor in 0.00 ms.
Mono: successfully reloaded assembly
- Completed reload, in  1.812 seconds
Platform modules already initialized, skipping
Refreshing native plugins compatible for Editor in 0.75 ms, found 4 plugins.
Preloading 0 native plugins for Editor in 0.00 ms.
Unloading 2103 Unused Serialized files (Serialized files now loaded: 0)
System memory in use before: 212.8 MB.
System memory in use after: 212.9 MB.

Unloading 38 unused Assets to reduce memory usage. Loaded Objects now: 2867.
Total: 3.901280 ms (FindLiveObjects: 0.470164 ms CreateObjectMapping: 0.227468 ms MarkObjects: 2.987090 ms  DeleteObjects: 0.214412 ms)

========================================================================
Received Prepare
Registering precompiled user dll's ...
Registered in 0.003471 seconds.
Begin MonoManager ReloadAssembly
Native extension for OSXStandalone target not found
Native extension for WebGL target not found
Refreshing native plugins compatible for Editor in 0.91 ms, found 4 plugins.
Preloading 0 native plugins for Editor in 0.00 ms.
Mono: successfully reloaded assembly
- Completed reload, in  1.708 seconds
Platform modules already initialized, skipping
Refreshing native plugins compatible for Editor in 0.88 ms, found 4 plugins.
Preloading 0 native plugins for Editor in 0.00 ms.
Unloading 2103 Unused Serialized files (Serialized files now loaded: 0)
System memory in use before: 213.0 MB.
System memory in use after: 213.1 MB.

Unloading 38 unused Assets to reduce memory usage. Loaded Objects now: 2871.
Total: 3.454875 ms (FindLiveObjects: 0.316842 ms CreateObjectMapping: 0.105245 ms MarkObjects: 2.903086 ms  DeleteObjects: 0.128393 ms)

